Arguments: 
  C:\Program Files\nodejs\node.exe C:\Users\Tho Nguyen\AppData\Roaming\npm\node_modules\yarn\bin\yarn.js add vue3-beautiful-chat

PATH: 
  C:\Windows\system32;C:\Windows;C:\Windows\System32\Wbem;C:\Windows\System32\WindowsPowerShell\v1.0\;C:\xampp\php;C:\ProgramData\ComposerSetup\bin;C:\Program Files\Git\cmd;C:\Program Files\TortoiseGit\bin;C:\Program Files (x86)\GnuWin32\bin\wget.exe;C:\xampp\htdocs\quytrevang\resources\js\extensions\protobuf\protoc-3.20.3-win64\bin;C:\Program Files\nodejs;C:\Users\Tho Nguyen\AppData\Roaming\npm;C:\Users\Tho Nguyen\AppData\Local\Programs\Microsoft VS Code\bin;C:\Users\Tho Nguyen\AppData\Roaming\Composer\vendor\bin

Yarn version: 
  1.22.19

Node version: 
  16.16.0

Platform: 
  win32 x64

Trace: 
  Error: EPERM: operation not permitted, unlink 'D:\Project\quytrevang\node_modules\@esbuild\.win32-x64-RjeN9SjZ\esbuild.exe'

npm manifest: 
  {
      "private": true,
      "scripts": {
          "dev": "vite",
          "build": "vite build"
      },
      "devDependencies": {
          "@vitejs/plugin-vue": "^4.0",
          "axios": "^1.4.0",
          "laravel-vite-plugin": "^0.7.4",
          "sass": "^1.62.1",
          "vite": "^4.3.5"
      },
      "dependencies": {
          "crypto-js": "^4.1.1",
          "devextreme": "^22.2.4",
          "devextreme-vue": "^22.2.4",
          "fancy-canvas": "0.2.2",
          "mitt": "^3.0.0",
          "moment": "^2.29.4",
          "photoswipe": "^5.3.7",
          "pusher-js": "^8.0.2",
          "vietqr": "^1.1.9",
          "vue": "^3.2.36",
          "vue-html2pdf": "^1.8.0",
          "vue-i18n": "^9.2.2",
          "vue-router": "^4.0.13",
          "vue3-cookies": "^1.0.6",
          "vue3-cropperjs": "^1.1.1",
          "vue3-otp-input": "^0.4.1",
          "vue3-recaptcha2": "^1.7.0",
          "vue3-toastify": "^0.1.8",
          "vuex": "^4.0.2"
      }
  }

yarn manifest: 
  No manifest

Lockfile: 
  No lockfile
